<?xml version="1.0" encoding="UTF-8"?>
<!-- Generated by org.testng.reporters.JUnitXMLReporter -->
<testsuite ignored="0" hostname="DESKTOP-HIR02G4" failures="0" tests="3" name="Default test" time="5.467" errors="0" timestamp="2021-12-22T19:37:21 IST">
  <testcase classname="heroku.GenerateToken" name="basicAuth" time="2.983"/>
  <testcase classname="heroku.GenerateToken" name="basicPreEmptiveAuth" time="1.302"/>
  <testcase classname="heroku.GenerateToken" name="generateToken" time="1.145"/>
</testsuite> <!-- Default test -->
