<?xml version="1.0" encoding="UTF-8"?>
<!-- Generated by org.testng.reporters.JUnitXMLReporter -->
<testsuite ignored="2" hostname="DESKTOP-HIR02G4" failures="1" tests="2" name="Test" time="0.272" errors="0" timestamp="2022-02-04T10:06:39 IST">
  <testcase classname="selenium.TC001_UsingReportExtent" name="test" time="0.198"/>
  <testcase classname="selenium.TC002_UsingReportExtent" name="test" time="0.003">
    <failure type="java.lang.NullPointerException">
      <![CDATA[java.lang.NullPointerException
at selenium.TC002_UsingReportExtent.test(TC002_UsingReportExtent.java:18)
at java.base/java.util.ArrayList.forEach(ArrayList.java:1541)
... Removed 27 stack frames]]>
    </failure>
  </testcase> <!-- test -->
  <testcase classname="selenium.BaseClass" name="@AfterSuite afterSuite" time="0.0">
    <ignored/>
  </testcase> <!-- @AfterSuite afterSuite -->
  <testcase classname="selenium.BaseClass" name="@BeforeSuite beforeSuite" time="0.0">
    <ignored/>
  </testcase> <!-- @BeforeSuite beforeSuite -->
</testsuite> <!-- Test -->
