<?xml version="1.0" encoding="UTF-8"?>
<!-- Generated by org.testng.reporters.JUnitXMLReporter -->
<testsuite ignored="0" hostname="DESKTOP-HIR02G4" failures="0" tests="4" name="Test" time="0.081" errors="0" timestamp="2022-01-07T18:36:56 IST">
  <testcase classname="threadlocalpack.TestClassTwo" name="generateRecordId" time="0.014"/>
  <testcase classname="threadlocalpack.TestClassOne" name="generateRecordId" time="0.014"/>
  <testcase classname="threadlocalpack.TestClassOne" name="validateRecordDetails" time="0.001"/>
  <testcase classname="threadlocalpack.TestClassTwo" name="validateRecordDetails" time="0.001"/>
</testsuite> <!-- Test -->
