<?xml version="1.0" encoding="UTF-8"?>
<!-- Generated by org.testng.reporters.JUnitXMLReporter -->
<testsuite ignored="0" hostname="DESKTOP-HIR02G4" failures="0" tests="3" name="Command line test" time="21.305" errors="0" timestamp="2021-12-08T20:32:33 IST">
  <testcase classname="reqres.TestNGDataProvider" name="ActualTest" time="0.003"/>
  <testcase classname="reqres.TestNGDataProvider" name="ActualTest" time="0.0"/>
  <testcase classname="SeleniumTest" name="test" time="21.26"/>
</testsuite> <!-- Command line test -->
