<?xml version="1.0" encoding="UTF-8"?>
<!-- Generated by org.testng.reporters.JUnitXMLReporter -->
<testsuite ignored="0" hostname="DESKTOP-HIR02G4" failures="0" tests="4" name="Command line test" time="12.879" errors="0" timestamp="2021-12-20T11:41:48 IST">
  <testcase classname="reqres.TestNGDataProvider" name="ActualTest" time="0.003"/>
  <testcase classname="reqres.TestNGDataProvider" name="ActualTest" time="0.0"/>
  <testcase classname="SeleniumTest" name="test" time="12.831"/>
  <testcase classname="SeleniumTest" name="test2" time="0.0"/>
</testsuite> <!-- Command line test -->
