<?xml version="1.0" encoding="UTF-8"?>
<testng-results ignored="1" total="2" passed="1" failed="0" skipped="0">
  <reporter-output>
  </reporter-output>
  <suite started-at="2021-12-14T17:53:57 IST" name="Failed suite [Default suite]" finished-at="2021-12-14T17:53:57 IST" duration-ms="54">
    <groups>
    </groups>
    <test started-at="2021-12-14T17:53:57 IST" name="Default test(failed)" finished-at="2021-12-14T17:53:57 IST" duration-ms="54">
      <class name="SeleniumTest">
        <test-method signature="test2()[pri:0, instance:SeleniumTest@169e6180]" started-at="2021-12-14T17:53:57 IST" name="test2" finished-at="2021-12-14T17:53:57 IST" duration-ms="8" status="PASS">
          <reporter-output>
          </reporter-output>
        </test-method> <!-- test2 -->
      </class> <!-- SeleniumTest -->
    </test> <!-- Default test(failed) -->
  </suite> <!-- Failed suite [Default suite] -->
</testng-results>
