<?xml version="1.0" encoding="UTF-8"?>
<!-- Generated by org.testng.reporters.JUnitReportReporter -->
<testsuite hostname="DESKTOP-HIR02G4" failures="0" tests="2" name="reqres.TestNGDataProvider" time="0.003" errors="0" timestamp="2021-12-20T11:41:48 IST" skipped="0">
  <testcase classname="reqres.TestNGDataProvider" name="ActualTest" time="0.003"/>
  <system-out/>
  <testcase classname="reqres.TestNGDataProvider" name="ActualTest" time="0.000"/>
  <system-out/>
</testsuite> <!-- reqres.TestNGDataProvider -->
